[Compiling...]
** Warning: (vlib-34) Library already exists at "work".
Errors: 0, Warnings: 1
QuestaSim-64 vmap 2021.2_1 Lib Mapping Utility 2021.05 May 15 2021
vmap work work 
Modifying modelsim.ini
QuestaSim-64 vlog 2021.2_1 Compiler 2021.05 May 15 2021
Start time: 12:18:52 on Jun 13,2025
vlog -sv -work work ../../rtl/design.sv ../top/testbench.sv "+acc" "+define+QUESTA" "+incdir+../../rtl" "+incdir+../top" 
-- Compiling module cfs_synch
-- Compiling module cfs_synch_fifo
-- Compiling module cfs_rx_ctrl
-- Compiling module cfs_ctrl
-- Compiling module cfs_tx_ctrl
-- Compiling module cfs_edge_detect
-- Compiling module cfs_regs
-- Compiling module cfs_aligner_core
-- Compiling module cfs_aligner
** Note: (vlog-2286) ../test/cfs_algn_test_pkg.sv(10): Using implicit +incdir+/home/user/Documents/questasim/uvm-1.1d/../verilog_src/uvm-1.1d/src from import uvm_pkg
-- Compiling interface cfs_apb_if
-- Compiling package cfs_apb_pkg
-- Importing package mtiUvm.uvm_pkg (uvm-1.1d Built-in)
-- Compiling package cfs_algn_pkg
-- Importing package cfs_apb_pkg
-- Compiling package cfs_algn_test_pkg
-- Importing package cfs_algn_pkg
-- Compiling module testbench
-- Importing package cfs_algn_test_pkg

Top level modules:
	testbench
End time: 12:18:53 on Jun 13,2025, Elapsed time: 0:00:01
Errors: 0, Warnings: 0
